j:\structure de données\tp-camouflage-master\tp-camouflage-master\camouflage\debug\vc120.pdb
j:\structure de données\tp-camouflage-master\tp-camouflage-master\camouflage\debug\vc120.idb
j:\structure de données\tp-camouflage-master\tp-camouflage-master\camouflage\debug\camouflage.obj
j:\structure de données\tp-camouflage-master\tp-camouflage-master\camouflage\debug\map.obj
j:\structure de données\tp-camouflage-master\tp-camouflage-master\camouflage\debug\mapcamouflage.obj
j:\structure de données\tp-camouflage-master\tp-camouflage-master\camouflage\debug\saisiesecurisee.obj
j:\structure de données\tp-camouflage-master\tp-camouflage-master\camouflage\debug\threetilepiece.obj
j:\structure de données\tp-camouflage-master\tp-camouflage-master\camouflage\debug\tile.obj
j:\structure de données\tp-camouflage-master\tp-camouflage-master\camouflage\debug\maincamouflage.obj
j:\structure de données\tp-camouflage-master\tp-camouflage-master\camouflage\debug\piece.obj
j:\structure de données\tp-camouflage-master\tp-camouflage-master\camouflage\debug\twotilepiece.obj
j:\structure de données\tp-camouflage-master\tp-camouflage-master\debug\camouflage.ilk
j:\structure de données\tp-camouflage-master\tp-camouflage-master\debug\camouflage.exe
j:\structure de données\tp-camouflage-master\tp-camouflage-master\debug\camouflage.pdb
j:\structure de données\tp-camouflage-master\tp-camouflage-master\camouflage\debug\camouflage.tlog\cl.command.1.tlog
j:\structure de données\tp-camouflage-master\tp-camouflage-master\camouflage\debug\camouflage.tlog\cl.read.1.tlog
j:\structure de données\tp-camouflage-master\tp-camouflage-master\camouflage\debug\camouflage.tlog\cl.write.1.tlog
j:\structure de données\tp-camouflage-master\tp-camouflage-master\camouflage\debug\camouflage.tlog\link.command.1.tlog
j:\structure de données\tp-camouflage-master\tp-camouflage-master\camouflage\debug\camouflage.tlog\link.read.1.tlog
j:\structure de données\tp-camouflage-master\tp-camouflage-master\camouflage\debug\camouflage.tlog\link.write.1.tlog
