Build started 2015-09-24 18:06:59.
     1>Project "F:\Structure de données\TP-Camouflage-amelie\TP-Camouflage\Camouflage\Camouflage.vcxproj" on node 2 (Build target(s)).
     1>ClCompile:
         C:\Program Files (x86)\Microsoft Visual Studio 12.0\VC\bin\CL.exe /c /ZI /nologo /W3 /WX- /Od /Oy- /D WIN32 /D _DEBUG /D _CONSOLE /D _LIB /D _UNICODE /D UNICODE /Gm /EHsc /RTC1 /MDd /GS /fp:precise /Zc:wchar_t /Zc:forScope /Fo"Debug\\" /Fd"Debug\vc120.pdb" /Gd /TP /analyze- /errorReport:prompt Camouflage.cpp Map.cpp MapCamouflage.cpp SaisieSecurisee.cpp ThreeTilePiece.cpp Tile.cpp mainCamouflage.cpp Piece.cpp TwoTilePiece.cpp
         TwoTilePiece.cpp
         Piece.cpp
         mainCamouflage.cpp
         Tile.cpp
         ThreeTilePiece.cpp
         SaisieSecurisee.cpp
         MapCamouflage.cpp
         Map.cpp
         Camouflage.cpp
         Generating Code...
     1>f:\structure de données\tp-camouflage-amelie\tp-camouflage\camouflage\mapcamouflage.cpp(163): warning C4715: 'MapCamouflage::isBoardFull' : not all control paths return a value
       Link:
         C:\Program Files (x86)\Microsoft Visual Studio 12.0\VC\bin\link.exe /ERRORREPORT:PROMPT /OUT:"F:\Structure de données\TP-Camouflage-amelie\TP-Camouflage\Debug\Camouflage.exe" /INCREMENTAL /NOLOGO kernel32.lib user32.lib gdi32.lib winspool.lib comdlg32.lib advapi32.lib shell32.lib ole32.lib oleaut32.lib uuid.lib odbc32.lib odbccp32.lib /MANIFEST /MANIFESTUAC:"level='asInvoker' uiAccess='false'" /manifest:embed /DEBUG /PDB:"F:\Structure de données\TP-Camouflage-amelie\TP-Camouflage\Debug\Camouflage.pdb" /SUBSYSTEM:CONSOLE /TLBID:1 /DYNAMICBASE /NXCOMPAT /IMPLIB:"F:\Structure de données\TP-Camouflage-amelie\TP-Camouflage\Debug\Camouflage.lib" /MACHINE:X86 Debug\Camouflage.obj
         Debug\Map.obj
         Debug\MapCamouflage.obj
         Debug\SaisieSecurisee.obj
         Debug\ThreeTilePiece.obj
         Debug\Tile.obj
         Debug\mainCamouflage.obj
         Debug\Piece.obj
         Debug\TwoTilePiece.obj
         Camouflage.vcxproj -> F:\Structure de données\TP-Camouflage-amelie\TP-Camouflage\Debug\Camouflage.exe
     1>Done Building Project "F:\Structure de données\TP-Camouflage-amelie\TP-Camouflage\Camouflage\Camouflage.vcxproj" (Build target(s)).

Build succeeded.

Time Elapsed 00:00:07.10
